<?xml version="1.0" encoding="UTF-8"?>
<testsuite xmlns:xsi="http://www.w3.org/2001/XMLSchema-instance" xsi:noNamespaceSchemaLocation="https://maven.apache.org/surefire/maven-surefire-plugin/xsd/surefire-test-report.xsd" version="3.0.2" name="com.senai.infob.rental.RentalApplicationTests" time="4.762" tests="1" errors="0" skipped="0" failures="0" flakes="0">
  <properties>
[...]
</properties>
  <testcase name="contextLoads" classname="com.senai.infob.rental.RentalApplicationTests" time="0.371">
    <system-out><![CDATA[09:00:48.928 [main] INFO org.springframework.test.context.support.AnnotationConfigContextLoaderUtils -- Could not detect default configuration classes for test class [com.senai.infob.rental.RentalApplicationTests]: RentalApplicationTests does not declare any static, non-private, non-final, nested classes annotated with @Configuration.
09:00:49.038 [main] INFO org.springframework.boot.test.context.SpringBootTestContextBootstrapper -- Found @SpringBootConfiguration com.senai.infob.rental.RentalApplication for test class com.senai.infob.rental.RentalApplicationTests
09:00:49.115 [main] INFO org.springframework.test.context.support.AnnotationConfigContextLoaderUtils -- Could not detect default configuration classes for test class [com.senai.infob.rental.RentalApplicationTests]: RentalApplicationTests does not declare any static, non-private, non-final, nested classes annotated with @Configuration.
09:00:49.116 [main] INFO org.springframework.boot.test.context.SpringBootTestContextBootstrapper -- Found @SpringBootConfiguration com.senai.infob.rental.RentalApplication for test class com.senai.infob.rental.RentalApplicationTests

  .   ____          _            __ _ _
 /\\ / ___'_ __ _ _(_)_ __  __ _ \ \ \ \
( ( )\___ | '_ | '_| | '_ \/ _` | \ \ \ \
 \\/  ___)| |_)| | | | | || (_| |  ) ) ) )
  '  |____| .__|_| |_|_| |_\__, | / / / /
 =========|_|==============|___/=/_/_/_/

 :: Spring Boot ::                (v4.1.0)

2026-09-15T09:00:49.366-03:00  INFO 24144 --- [rental] [           main] c.s.infob.rental.RentalApplicationTests  : Starting RentalApplicationTests using Java 25.0.1 with PID 24144 (started by PET0107111 in C:\Users\PET0107111\Samuel\ProjetosSenai-SegundoSemestre\rental)
2026-09-15T09:00:49.368-03:00  INFO 24144 --- [rental] [           main] c.s.infob.rental.RentalApplicationTests  : No active profile set, falling back to 1 default profile: "default"
2026-09-15T09:00:50.108-03:00  INFO 24144 --- [rental] [           main] .s.d.r.c.RepositoryConfigurationDelegate : Bootstrapping Spring Data JPA repositories in DEFAULT mode.
2026-09-15T09:00:50.179-03:00  INFO 24144 --- [rental] [           main] .s.d.r.c.RepositoryConfigurationDelegate : Finished Spring Data repository scanning in 64 ms. Found 4 JPA repository interfaces.
2026-09-15T09:00:50.539-03:00  INFO 24144 --- [rental] [           main] org.hibernate.orm.jpa                    : HHH008540: Processing PersistenceUnitInfo [name: default]
2026-09-15T09:00:50.577-03:00  INFO 24144 --- [rental] [           main] org.hibernate.orm.core                   : HHH000001: Hibernate ORM core version 7.4.1.Final
2026-09-15T09:00:50.911-03:00  INFO 24144 --- [rental] [           main] o.s.o.j.p.SpringPersistenceUnitInfo      : No LoadTimeWeaver setup: ignoring JPA class transformer
2026-09-15T09:00:50.931-03:00  INFO 24144 --- [rental] [           main] com.zaxxer.hikari.HikariDataSource       : HikariPool-1 - Starting...
2026-09-15T09:00:51.067-03:00  INFO 24144 --- [rental] [           main] com.zaxxer.hikari.pool.HikariPool        : HikariPool-1 - Added connection conn0: url=jdbc:h2:mem:rental user=POSTGRES
2026-09-15T09:00:51.068-03:00  INFO 24144 --- [rental] [           main] com.zaxxer.hikari.HikariDataSource       : HikariPool-1 - Start completed.
2026-09-15T09:00:51.088-03:00  WARN 24144 --- [rental] [           main] org.hibernate.orm.deprecation            : HHH90000025: H2Dialect does not need to be specified explicitly using 'hibernate.dialect' (remove the property setting and it will be selected by default)
2026-09-15T09:00:51.106-03:00  INFO 24144 --- [rental] [           main] org.hibernate.orm.connections.pooling    : HHH10001005: Database info:
	Database JDBC URL [jdbc:h2:mem:rental]
	Database driver: H2 JDBC Driver
	Database dialect: H2Dialect
	Database version: 2.4.240
	Default catalog/schema: RENTAL/PUBLIC
	Autocommit mode: undefined/unknown
	Isolation level: READ_COMMITTED [default READ_COMMITTED]
	JDBC fetch size: 100
	Pool: DataSourceConnectionProvider
	Minimum pool size: undefined/unknown
	Maximum pool size: undefined/unknown
2026-09-15T09:00:51.803-03:00  INFO 24144 --- [rental] [           main] org.hibernate.orm.core                   : HHH000489: No JTA platform available (set 'hibernate.transaction.jta.platform' to enable JTA platform integration)
Hibernate: create table categoria (id_categoria bigint generated by default as identity, descricao varchar(255), nome varchar(255), primary key (id_categoria))
Hibernate: create table equipamento (id_equipamento bigint generated by default as identity, cor varchar(255), descricao varchar(255), dimensoes varchar(255), estoque integer, marca varchar(255), material varchar(255), modelo varchar(255), peso float(53), potencia integer, preco float(53), quantidade_minima integer, id_categoria bigint not null, primary key (id_equipamento))
Hibernate: create table movimentacao (id_movimentacao bigint not null, data_movimentacao timestamp(6), quantidade integer, tipo_movimentacao varchar(255), id_usuario bigint, primary key (id_movimentacao))
Hibernate: create table usuarios (id_usuario bigint generated by default as identity, email varchar(255) not null, password varchar(255) not null, role enum ('ADMIN','USER') not null, username varchar(255) not null, primary key (id_usuario))
Hibernate: alter table if exists usuarios drop constraint if exists UKkfsp0s1tflm1cwlj8idhqsad0
Hibernate: alter table if exists usuarios add constraint UKkfsp0s1tflm1cwlj8idhqsad0 unique (email)
Hibernate: alter table if exists usuarios drop constraint if exists UKm2dvbwfge291euvmk6vkkocao
Hibernate: alter table if exists usuarios add constraint UKm2dvbwfge291euvmk6vkkocao unique (username)
Hibernate: alter table if exists equipamento add constraint FKe202pp8l4d9u2dw4xo5jwpyjg foreign key (id_categoria) references categoria
Hibernate: alter table if exists movimentacao add constraint FKbay2dgl5a33r0dpsgc7q1tuwj foreign key (id_usuario) references usuarios
2026-09-15T09:00:51.862-03:00  INFO 24144 --- [rental] [           main] j.LocalContainerEntityManagerFactoryBean : Initialized JPA EntityManagerFactory for persistence unit 'default'
2026-09-15T09:00:51.943-03:00  INFO 24144 --- [rental] [           main] o.s.d.j.r.query.QueryEnhancerFactories   : Hibernate is in classpath; If applicable, HQL parser will be used.
2026-09-15T09:00:52.103-03:00  INFO 24144 --- [rental] [           main] r$InitializeUserDetailsManagerConfigurer : Global AuthenticationManager configured with UserDetailsService bean with name usuarioDetailsService
2026-09-15T09:00:52.571-03:00  WARN 24144 --- [rental] [           main] JpaBaseConfiguration$JpaWebConfiguration : spring.jpa.open-in-view is enabled by default. Therefore, database queries may be performed during view rendering. Explicitly configure spring.jpa.open-in-view to disable this warning
2026-09-15T09:00:53.119-03:00  INFO 24144 --- [rental] [           main] c.s.infob.rental.RentalApplicationTests  : Started RentalApplicationTests in 3.951 seconds (process running for 5.008)
2026-09-15T09:00:53.122-03:00  WARN 24144 --- [rental] [           main] o.s.core.events.SpringDocAppInitializer  : SpringDoc /v3/api-docs endpoint is enabled by default. To disable it in production, set the property 'springdoc.api-docs.enabled=false'
2026-09-15T09:00:53.122-03:00  WARN 24144 --- [rental] [           main] o.s.core.events.SpringDocAppInitializer  : SpringDoc /swagger-ui.html endpoint is enabled by default. To disable it in production, set the property 'springdoc.swagger-ui.enabled=false'
]]></system-out>
    <system-err><![CDATA[Mockito is currently self-attaching to enable the inline-mock-maker. This will no longer work in future releases of the JDK. Please add Mockito as an agent to your build as described in Mockito's documentation: https://javadoc.io/doc/org.mockito/mockito-core/latest/org.mockito/org/mockito/Mockito.html#0.3
WARNING: A Java agent has been loaded dynamically (C:\Users\PET0107111\.m2\repository\net\bytebuddy\byte-buddy-agent\1.18.10\byte-buddy-agent-1.18.10.jar)
WARNING: If a serviceability tool is in use, please run with -XX:+EnableDynamicAgentLoading to hide this warning
WARNING: If a serviceability tool is not in use, please run with -Djdk.instrument.traceUsage for more information
WARNING: Dynamic loading of agents will be disallowed by default in a future release
]]></system-err>
  </testcase>
</testsuite>